    15>D:\projects\misis2023f-23-check\misis2024s-23-18-tsukanov-s-u\prj.check\prj.check\doctest_bitset\doctest_bitset.cpp(3,10): error C1083: Cannot open include file: 'bitset/bitset.hpp': No such file or directory [D:\projects\misis2023f-23-check\misis2024s-23-18-tsukanov-s-u\build.check\prj.check\prj.check\doctest_bitset\doctest_bitset.vcxproj]
     6>D:\projects\misis2023f-23-check\misis2024s-23-18-tsukanov-s-u\prj.check\prj.check\doctest_bitset\doctest_bitset_moveable.cpp(3,10): error C1083: Cannot open include file: 'bitset/bitset.hpp': No such file or directory [D:\projects\misis2023f-23-check\misis2024s-23-18-tsukanov-s-u\build.check\prj.check\prj.check\doctest_bitset\doctest_bitset_m.vcxproj]
    18>D:\projects\misis2023f-23-check\misis2024s-23-18-tsukanov-s-u\prj.check\prj.check\doctest_rational\doctest_rational.cpp(3,10): error C1083: Cannot open include file: 'rational/rational.hpp': No such file or directory [D:\projects\misis2023f-23-check\misis2024s-23-18-tsukanov-s-u\build.check\prj.check\prj.check\doctest_rational\doctest_rational.vcxproj]
    21>D:\projects\misis2023f-23-check\misis2024s-23-18-tsukanov-s-u\prj.check\prj.check\doctest_rational\doctest_rational_io.cpp(3,10): error C1083: Cannot open include file: 'rational/rational.hpp': No such file or directory [D:\projects\misis2023f-23-check\misis2024s-23-18-tsukanov-s-u\build.check\prj.check\prj.check\doctest_rational\doctest_rational_io.vcxproj]
    24>D:\projects\misis2023f-23-check\misis2024s-23-18-tsukanov-s-u\prj.check\prj.check\doctest_rational\doctest_rational_moveable.cpp(3,10): error C1083: Cannot open include file: 'rational/rational.hpp': No such file or directory [D:\projects\misis2023f-23-check\misis2024s-23-18-tsukanov-s-u\build.check\prj.check\prj.check\doctest_rational\doctest_rational_m.vcxproj]
     9>D:\projects\misis2023f-23-check\misis2024s-23-18-tsukanov-s-u\prj.check\prj.check\doctest_dynarr\doctest_dynarr.cpp(104,3): error C2662: 'ptrdiff_t DynArr::Size(void)': cannot convert 'this' pointer from 'const DynArr' to 'DynArr &' [D:\projects\misis2023f-23-check\misis2024s-23-18-tsukanov-s-u\build.check\prj.check\prj.check\doctest_dynarr\doctest_dynarr.vcxproj]
     9>D:\projects\misis2023f-23-check\misis2024s-23-18-tsukanov-s-u\prj.check\prj.check\doctest_dynarr\doctest_dynarr.cpp(106,3): error C2662: 'ptrdiff_t DynArr::Size(void)': cannot convert 'this' pointer from 'const DynArr' to 'DynArr &' [D:\projects\misis2023f-23-check\misis2024s-23-18-tsukanov-s-u\build.check\prj.check\prj.check\doctest_dynarr\doctest_dynarr.vcxproj]
     9>D:\projects\misis2023f-23-check\misis2024s-23-18-tsukanov-s-u\prj.check\prj.check\doctest_dynarr\doctest_dynarr.cpp(106,3): error C2088: '[': illegal for class [D:\projects\misis2023f-23-check\misis2024s-23-18-tsukanov-s-u\build.check\prj.check\prj.check\doctest_dynarr\doctest_dynarr.vcxproj]
     8>D:\projects\misis2023f-23-check\misis2024s-23-18-tsukanov-s-u\prj.check\prj.check\doctest_complex\doctest_complex.cpp(17,20): error C2039: 're': is not a member of 'Complex' [D:\projects\misis2023f-23-check\misis2024s-23-18-tsukanov-s-u\build.check\prj.check\prj.check\doctest_complex\doctest_complex.vcxproj]
     8>D:\projects\misis2023f-23-check\misis2024s-23-18-tsukanov-s-u\prj.check\prj.check\doctest_complex\doctest_complex.cpp(17,27): error C2039: 'im': is not a member of 'Complex' [D:\projects\misis2023f-23-check\misis2024s-23-18-tsukanov-s-u\build.check\prj.check\prj.check\doctest_complex\doctest_complex.vcxproj]
     8>D:\projects\misis2023f-23-check\misis2024s-23-18-tsukanov-s-u\prj.check\prj.check\doctest_complex\doctest_complex.cpp(66,3): error C2675: unary '-': 'Complex' does not define this operator or a conversion to a type acceptable to the predefined operator [D:\projects\misis2023f-23-check\misis2024s-23-18-tsukanov-s-u\build.check\prj.check\prj.check\doctest_complex\doctest_complex.vcxproj]
     8>D:\projects\misis2023f-23-check\misis2024s-23-18-tsukanov-s-u\prj.check\prj.check\doctest_complex\doctest_complex.cpp(66,3): error C2088: '-': illegal for struct [D:\projects\misis2023f-23-check\misis2024s-23-18-tsukanov-s-u\build.check\prj.check\prj.check\doctest_complex\doctest_complex.vcxproj]
     8>D:\projects\misis2023f-23-check\misis2024s-23-18-tsukanov-s-u\prj.check\prj.check\doctest_complex\doctest_complex.cpp(70,3): error C2675: unary '-': 'Complex' does not define this operator or a conversion to a type acceptable to the predefined operator [D:\projects\misis2023f-23-check\misis2024s-23-18-tsukanov-s-u\build.check\prj.check\prj.check\doctest_complex\doctest_complex.vcxproj]
     8>D:\projects\misis2023f-23-check\misis2024s-23-18-tsukanov-s-u\prj.check\prj.check\doctest_complex\doctest_complex.cpp(70,3): error C2088: '-': illegal for struct [D:\projects\misis2023f-23-check\misis2024s-23-18-tsukanov-s-u\build.check\prj.check\prj.check\doctest_complex\doctest_complex.vcxproj]
    17>D:\projects\misis2023f-23-check\misis2024s-23-18-tsukanov-s-u\prj.check\prj.check\doctest_queuelstpr\doctest_queuelstpr.cpp(56,5): error C2102: '&' requires l-value [D:\projects\misis2023f-23-check\misis2024s-23-18-tsukanov-s-u\build.check\prj.check\prj.check\doctest_queuelstpr\doctest_queuelstpr.vcxproj]
    17>D:\projects\misis2023f-23-check\misis2024s-23-18-tsukanov-s-u\prj.check\prj.check\doctest_queuelstpr\doctest_queuelstpr.cpp(59,5): error C2102: '&' requires l-value [D:\projects\misis2023f-23-check\misis2024s-23-18-tsukanov-s-u\build.check\prj.check\prj.check\doctest_queuelstpr\doctest_queuelstpr.vcxproj]
    17>D:\projects\misis2023f-23-check\misis2024s-23-18-tsukanov-s-u\prj.check\prj.check\doctest_queuelstpr\doctest_queuelstpr.cpp(79,3): error C2102: '&' requires l-value [D:\projects\misis2023f-23-check\misis2024s-23-18-tsukanov-s-u\build.check\prj.check\prj.check\doctest_queuelstpr\doctest_queuelstpr.vcxproj]
    17>D:\projects\misis2023f-23-check\misis2024s-23-18-tsukanov-s-u\prj.check\prj.check\doctest_queuelstpr\doctest_queuelstpr.cpp(82,3): error C2102: '&' requires l-value [D:\projects\misis2023f-23-check\misis2024s-23-18-tsukanov-s-u\build.check\prj.check\prj.check\doctest_queuelstpr\doctest_queuelstpr.vcxproj]
    17>D:\projects\misis2023f-23-check\misis2024s-23-18-tsukanov-s-u\prj.check\prj.check\doctest_queuelstpr\doctest_queuelstpr.cpp(124,3): error C2102: '&' requires l-value [D:\projects\misis2023f-23-check\misis2024s-23-18-tsukanov-s-u\build.check\prj.check\prj.check\doctest_queuelstpr\doctest_queuelstpr.vcxproj]
    17>D:\projects\misis2023f-23-check\misis2024s-23-18-tsukanov-s-u\prj.check\prj.check\doctest_queuelstpr\doctest_queuelstpr.cpp(142,3): error C2662: 'float QueueLstPr::Top(void)': cannot convert 'this' pointer from 'const QueueLstPr' to 'QueueLstPr &' [D:\projects\misis2023f-23-check\misis2024s-23-18-tsukanov-s-u\build.check\prj.check\prj.check\doctest_queuelstpr\doctest_queuelstpr.vcxproj]
    17>D:\projects\misis2023f-23-check\misis2024s-23-18-tsukanov-s-u\prj.check\prj.check\doctest_queuelstpr\doctest_queuelstpr.cpp(145,3): error C2662: 'float QueueLstPr::Top(void)': cannot convert 'this' pointer from 'const QueueLstPr' to 'QueueLstPr &' [D:\projects\misis2023f-23-check\misis2024s-23-18-tsukanov-s-u\build.check\prj.check\prj.check\doctest_queuelstpr\doctest_queuelstpr.vcxproj]
    14>D:\projects\misis2023f-23-check\misis2024s-23-18-tsukanov-s-u\prj.check\prj.check\doctest_queuelst\doctest_queuelst.cpp(133,3): error C2662: 'Complex &QueueLst::Top(void)': cannot convert 'this' pointer from 'const QueueLst' to 'QueueLst &' [D:\projects\misis2023f-23-check\misis2024s-23-18-tsukanov-s-u\build.check\prj.check\prj.check\doctest_queuelst\doctest_queuelst.vcxproj]
    14>D:\projects\misis2023f-23-check\misis2024s-23-18-tsukanov-s-u\prj.check\prj.check\doctest_queuelst\doctest_queuelst.cpp(136,3): error C2662: 'Complex &QueueLst::Top(void)': cannot convert 'this' pointer from 'const QueueLst' to 'QueueLst &' [D:\projects\misis2023f-23-check\misis2024s-23-18-tsukanov-s-u\build.check\prj.check\prj.check\doctest_queuelst\doctest_queuelst.vcxproj]
    20>D:\projects\misis2023f-23-check\misis2024s-23-18-tsukanov-s-u\prj.check\prj.check\doctest_queuelstpr\doctest_queuelstpr_moveable.cpp(18,5): error C2102: '&' requires l-value [D:\projects\misis2023f-23-check\misis2024s-23-18-tsukanov-s-u\build.check\prj.check\prj.check\doctest_queuelstpr\doctest_queuelstpr_m.vcxproj]
